<?xml version="1.0" encoding="UTF-8"?>
<!-- Generated by org.testng.reporters.JUnitXMLReporter -->
<testsuite hostname="BD_SUMTST_IT" name="Login On chrome" tests="7" failures="0" timestamp="10 Aug 2016 10:24:03 GMT" time="56.71" errors="0">
  <testcase name="@BeforeMethod reportHeader" time="0.0" classname="com.fhlb.scripts.FHLBExpenses">
    <failure type="java.lang.ArrayIndexOutOfBoundsException" message="1">
      <![CDATA[java.lang.ArrayIndexOutOfBoundsException: 1
	at com.cigniti.accelerators.TestEngine.reportHeader(TestEngine.java:258)
... Removed 27 stack frames]]>
    </failure>
  </testcase> <!-- @BeforeMethod reportHeader -->
  <testcase name="@BeforeMethod reportHeader" time="0.0" classname="com.fhlb.scripts.FHLBMyTeam">
    <failure type="java.lang.ArrayIndexOutOfBoundsException" message="1">
      <![CDATA[java.lang.ArrayIndexOutOfBoundsException: 1
	at com.cigniti.accelerators.TestEngine.reportHeader(TestEngine.java:258)
... Removed 27 stack frames]]>
    </failure>
  </testcase> <!-- @BeforeMethod reportHeader -->
  <testcase name="@BeforeMethod reportHeader" time="0.0" classname="com.fhlb.scripts.FHLBPersonal">
    <failure type="java.lang.ArrayIndexOutOfBoundsException" message="1">
      <![CDATA[java.lang.ArrayIndexOutOfBoundsException: 1
	at com.cigniti.accelerators.TestEngine.reportHeader(TestEngine.java:258)
... Removed 27 stack frames]]>
    </failure>
  </testcase> <!-- @BeforeMethod reportHeader -->
  <testcase name="@BeforeMethod reportHeader" time="0.0" classname="com.fhlb.scripts.FHLBSpend">
    <failure type="java.lang.ArrayIndexOutOfBoundsException" message="1">
      <![CDATA[java.lang.ArrayIndexOutOfBoundsException: 1
	at com.cigniti.accelerators.TestEngine.reportHeader(TestEngine.java:258)
... Removed 27 stack frames]]>
    </failure>
  </testcase> <!-- @BeforeMethod reportHeader -->
  <testcase name="@BeforeMethod reportHeader" time="0.0" classname="com.fhlb.scripts.FHLBCost">
    <failure type="java.lang.ArrayIndexOutOfBoundsException" message="1">
      <![CDATA[java.lang.ArrayIndexOutOfBoundsException: 1
	at com.cigniti.accelerators.TestEngine.reportHeader(TestEngine.java:258)
... Removed 27 stack frames]]>
    </failure>
  </testcase> <!-- @BeforeMethod reportHeader -->
  <testcase name="@BeforeMethod reportHeader" time="0.0" classname="com.fhlb.scripts.FHLBSignout">
    <failure type="java.lang.ArrayIndexOutOfBoundsException" message="1">
      <![CDATA[java.lang.ArrayIndexOutOfBoundsException: 1
	at com.cigniti.accelerators.TestEngine.reportHeader(TestEngine.java:258)
... Removed 27 stack frames]]>
    </failure>
  </testcase> <!-- @BeforeMethod reportHeader -->
  <testcase name="FHLBLoginVerify_Learner" time="12.581" classname="com.fhlb.scripts.FHLBLoginLoginVerify"/>
  <testcase name="Expenses" time="0.001" classname="com.fhlb.scripts.FHLBExpenses">
    <skipped/>
  </testcase> <!-- Expenses -->
  <testcase name="MYTeam" time="0.001" classname="com.fhlb.scripts.FHLBMyTeam">
    <skipped/>
  </testcase> <!-- MYTeam -->
  <testcase name="Perocal" time="0.001" classname="com.fhlb.scripts.FHLBPersonal">
    <skipped/>
  </testcase> <!-- Perocal -->
  <testcase name="Spend" time="0.001" classname="com.fhlb.scripts.FHLBSpend">
    <skipped/>
  </testcase> <!-- Spend -->
  <testcase name="cost" time="0.001" classname="com.fhlb.scripts.FHLBCost">
    <skipped/>
  </testcase> <!-- cost -->
  <testcase name="Signout" time="0.001" classname="com.fhlb.scripts.FHLBSignout">
    <skipped/>
  </testcase> <!-- Signout -->
</testsuite> <!-- Login On chrome -->
