<?xml version="1.0" encoding="UTF-8"?>
<!-- Generated by org.testng.reporters.JUnitXMLReporter -->
<testsuite hostname="BD_SUMTST_IT" name="Login On Firefox" tests="1" failures="1" timestamp="4 Aug 2016 11:31:05 GMT" time="0.086" errors="0">
  <testcase name="@BeforeClass first" time="0.0" classname="com.fhlb.scripts.FHLBLoginLoginVerify">
    <failure type="org.testng.TestNGException" message="
Parameter &amp;apos;browser&amp;apos; is required by @Configuration on method first but has not been marked @Optional or defined
in C:\Users\v_cigniti\Fhlb\FHLB_Proj\testng.xml">
      <![CDATA[org.testng.TestNGException: 
Parameter 'browser' is required by @Configuration on method first but has not been marked @Optional or defined
in C:\Users\v_cigniti\Fhlb\FHLB_Proj\testng.xml
... Removed 22 stack frames]]>
    </failure>
  </testcase> <!-- @BeforeClass first -->
  <testcase name="@AfterClass close" time="0.0" classname="com.fhlb.scripts.FHLBLoginLoginVerify">
    <failure type="org.testng.TestNGException" message="
Parameter &amp;apos;browser&amp;apos; is required by @Configuration on method close but has not been marked @Optional or defined
in C:\Users\v_cigniti\Fhlb\FHLB_Proj\testng.xml">
      <![CDATA[org.testng.TestNGException: 
Parameter 'browser' is required by @Configuration on method close but has not been marked @Optional or defined
in C:\Users\v_cigniti\Fhlb\FHLB_Proj\testng.xml
... Removed 22 stack frames]]>
    </failure>
  </testcase> <!-- @AfterClass close -->
  <testcase name="FHLBLoginVerify_Learner" time="0.069" classname="com.fhlb.scripts.FHLBLoginLoginVerify">
    <failure type="java.lang.NullPointerException">
      <![CDATA[java.lang.NullPointerException
... Removed 20 stack frames]]>
    </failure>
  </testcase> <!-- FHLBLoginVerify_Learner -->
</testsuite> <!-- Login On Firefox -->
