<?xml version="1.0" encoding="UTF-8"?>
<!-- Generated by org.testng.reporters.JUnitXMLReporter -->
<testsuite hostname="EUCQAW011" name="MIGuideCC" tests="24" failures="0" timestamp="8 Sep 2016 03:18:38 GMT" time="2124.357" errors="0">
  <testcase name="TC_001_NGQ_External_NewQuotes_BPA_" time="81.516" classname="com.ugc.scripts.TC_001_NGQ_External_NewQuotes_BPA"/>
  <testcase name="TC_002_NGQ_External_NewQuotes_BPM_" time="53.577" classname="com.ugc.scripts.TC_002_NGQ_External_NewQuotes_BPM"/>
  <testcase name="TC_003_NGQ_External_NewQuotes_BPSNR_" time="48.819" classname="com.ugc.scripts.TC_003_NGQ_External_NewQuotes_BPSNR"/>
  <testcase name="TC_004_NGQ_External_NewQuotes_BPSR_" time="43.392" classname="com.ugc.scripts.TC_004_NGQ_External_NewQuotes_BPSR"/>
  <testcase name="TC_005_NGQ_External_NewQuotes_BPSplit_" time="44.245" classname="com.ugc.scripts.TC_005_NGQ_External_NewQuotes_BPSplit"/>
  <testcase name="TC_006_NGQ_External_NewQuotes_LPA_" time="42.32" classname="com.ugc.scripts.TC_006_NGQ_External_NewQuotes_LPA"/>
  <testcase name="TC_007_NGQ_External_NewQuotes_LPM_" time="44.246" classname="com.ugc.scripts.TC_007_NGQ_External_NewQuotes_LPM"/>
  <testcase name="TC_008_NGQ_External_NewQuotes_LPS_" time="49.348" classname="com.ugc.scripts.TC_008_NGQ_External_NewQuotes_LPS"/>
  <testcase name="NewApplication_CreateNewApplication_BPA_" time="61.303" classname="com.ugc.scripts.NewApplication_CreateNewApplication_BPA"/>
  <testcase name="NewApplication_CreateNewApplication_BPM_" time="52.311" classname="com.ugc.scripts.NewApplication_CreateNewApplication_BPM"/>
  <testcase name="NewApplication_CreateNewApplication_LPA_" time="52.166" classname="com.ugc.scripts.NewApplication_CreateNewApplication_LPA"/>
  <testcase name="NewApplication_CreateNewApplication_LPM_" time="53.524" classname="com.ugc.scripts.NewApplication_CreateNewApplication_LPM"/>
  <testcase name="NewApplication_CreateNewApplication_LPS_" time="65.029" classname="com.ugc.scripts.NewApplication_CreateNewApplication_LPS"/>
  <testcase name="NewApplication_CreateNewApplication_BPSL_" time="51.46" classname="com.ugc.scripts.NewApplication_CreateNewApplication_BPSL"/>
  <testcase name="NewApplication_CreateNewApplication_BPSN_" time="51.619" classname="com.ugc.scripts.NewApplication_CreateNewApplication_BPSN"/>
  <testcase name="NewApplication_CreateNewApplication_BPSM_" time="51.795" classname="com.ugc.scripts.NewApplication_CreateNewApplication_BPSM"/>
  <testcase name="UploadDocument_NoDocsUploaded_ExistingApplication_" time="41.002" classname="com.ugc.scripts.UploadDocument_NoDocsUploaded_ExistingApplication"/>
  <testcase name="UploadDocument_NoDocsUploaded_NewApplication_" time="56.578" classname="com.ugc.scripts.UploadDocument_NoDocsUploaded_NewApplication"/>
  <testcase name="UploadDocument_MultipleDocs_ExistingApplication_" time="62.579" classname="com.ugc.scripts.UploadDocument_MultipleDocs_ExistingApplication"/>
  <testcase name="UploadDocument_MultipleDocs_NewApplication_" time="65.985" classname="com.ugc.scripts.UploadDocument_MultipleDocs_NewApplication"/>
  <testcase name="UploadDocument_ErrorDuringUploadBigFile_ExistingApplication_" time="84.043" classname="com.ugc.scripts.UploadDocument_ErrorDuringUploadBigFile_ExistingApplication"/>
  <testcase name="UploadDocument_ErrorDuringUploadBigFile_NewApplication_" time="98.803" classname="com.ugc.scripts.UploadDocument_ErrorDuringUploadBigFile_NewApplication"/>
  <testcase name="UploadDocument_RemoveDocumentFromApplication_" time="174.926" classname="com.ugc.scripts.UploadDocument_RemoveDocumentFromApplication"/>
  <testcase name="ResubmitQuote_SuccessfulQuote_" time="600.215" classname="com.ugc.scripts.ResubmitQuote_SuccessfulQuote"/>
</testsuite> <!-- MIGuideCC -->
