<?xml version="1.0" encoding="UTF-8"?>
<!-- Generated by org.testng.reporters.JUnitXMLReporter -->
<testsuite hostname="EUCQAW011" name="MIGuideIE" tests="24" failures="0" timestamp="8 Sep 2016 03:54:14 GMT" time="4260.272" errors="0">
  <testcase name="TC_001_NGQ_External_NewQuotes_BPA_" time="86.409" classname="com.ugc.scripts.TC_001_NGQ_External_NewQuotes_BPA"/>
  <testcase name="TC_002_NGQ_External_NewQuotes_BPM_" time="69.083" classname="com.ugc.scripts.TC_002_NGQ_External_NewQuotes_BPM"/>
  <testcase name="TC_003_NGQ_External_NewQuotes_BPSNR_" time="1160.1" classname="com.ugc.scripts.TC_003_NGQ_External_NewQuotes_BPSNR"/>
  <testcase name="TC_004_NGQ_External_NewQuotes_BPSR_" time="1159.775" classname="com.ugc.scripts.TC_004_NGQ_External_NewQuotes_BPSR"/>
  <testcase name="TC_005_NGQ_External_NewQuotes_BPSplit_" time="65.227" classname="com.ugc.scripts.TC_005_NGQ_External_NewQuotes_BPSplit"/>
  <testcase name="TC_006_NGQ_External_NewQuotes_LPA_" time="65.417" classname="com.ugc.scripts.TC_006_NGQ_External_NewQuotes_LPA"/>
  <testcase name="TC_007_NGQ_External_NewQuotes_LPM_" time="64.617" classname="com.ugc.scripts.TC_007_NGQ_External_NewQuotes_LPM"/>
  <testcase name="TC_008_NGQ_External_NewQuotes_LPS_" time="65.797" classname="com.ugc.scripts.TC_008_NGQ_External_NewQuotes_LPS"/>
  <testcase name="NewApplication_CreateNewApplication_BPA_" time="71.61" classname="com.ugc.scripts.NewApplication_CreateNewApplication_BPA"/>
  <testcase name="NewApplication_CreateNewApplication_BPM_" time="67.24" classname="com.ugc.scripts.NewApplication_CreateNewApplication_BPM"/>
  <testcase name="NewApplication_CreateNewApplication_LPA_" time="68.551" classname="com.ugc.scripts.NewApplication_CreateNewApplication_LPA"/>
  <testcase name="NewApplication_CreateNewApplication_LPM_" time="68.318" classname="com.ugc.scripts.NewApplication_CreateNewApplication_LPM"/>
  <testcase name="NewApplication_CreateNewApplication_LPS_" time="75.144" classname="com.ugc.scripts.NewApplication_CreateNewApplication_LPS"/>
  <testcase name="NewApplication_CreateNewApplication_BPSL_" time="68.132" classname="com.ugc.scripts.NewApplication_CreateNewApplication_BPSL"/>
  <testcase name="NewApplication_CreateNewApplication_BPSN_" time="68.749" classname="com.ugc.scripts.NewApplication_CreateNewApplication_BPSN"/>
  <testcase name="NewApplication_CreateNewApplication_BPSM_" time="66.993" classname="com.ugc.scripts.NewApplication_CreateNewApplication_BPSM"/>
  <testcase name="UploadDocument_NoDocsUploaded_ExistingApplication_" time="44.031" classname="com.ugc.scripts.UploadDocument_NoDocsUploaded_ExistingApplication"/>
  <testcase name="UploadDocument_NoDocsUploaded_NewApplication_" time="70.67" classname="com.ugc.scripts.UploadDocument_NoDocsUploaded_NewApplication"/>
  <testcase name="UploadDocument_MultipleDocs_ExistingApplication_" time="72.571" classname="com.ugc.scripts.UploadDocument_MultipleDocs_ExistingApplication"/>
  <testcase name="UploadDocument_MultipleDocs_NewApplication_" time="93.592" classname="com.ugc.scripts.UploadDocument_MultipleDocs_NewApplication"/>
  <testcase name="UploadDocument_ErrorDuringUploadBigFile_ExistingApplication_" time="104.485" classname="com.ugc.scripts.UploadDocument_ErrorDuringUploadBigFile_ExistingApplication"/>
  <testcase name="UploadDocument_ErrorDuringUploadBigFile_NewApplication_" time="114.905" classname="com.ugc.scripts.UploadDocument_ErrorDuringUploadBigFile_NewApplication"/>
  <testcase name="UploadDocument_RemoveDocumentFromApplication_" time="277.014" classname="com.ugc.scripts.UploadDocument_RemoveDocumentFromApplication"/>
  <testcase name="ResubmitQuote_SuccessfulQuote_" time="129.598" classname="com.ugc.scripts.ResubmitQuote_SuccessfulQuote"/>
</testsuite> <!-- MIGuideIE -->
