<?xml version="1.0" encoding="UTF-8"?>
<!-- Generated by org.testng.reporters.JUnitXMLReporter -->
<testsuite hostname="EUCQAW011" name="MIGuide-3" tests="2" failures="0" timestamp="28 Sep 2016 09:42:10 GMT" time="1309.602" errors="0">
  <testcase name="@AfterClass close" time="0.0" classname="com.ugc.scripts.RAPidLinkHeaderPreferences">
    <failure type="org.openqa.selenium.NoSuchWindowException" message="Unable to get browser (WARNING: The server did not provide any stacktrace information)
Command duration or timeout: 16 milliseconds
Build info: version: &amp;apos;unknown&amp;apos;, revision: &amp;apos;unknown&amp;apos;, time: &amp;apos;unknown&amp;apos;
System info: host: &amp;apos;EUCQAW011&amp;apos;, ip: &amp;apos;10.88.152.111&amp;apos;, os.name: &amp;apos;Windows 7&amp;apos;, os.arch: &amp;apos;amd64&amp;apos;, os.version: &amp;apos;6.1&amp;apos;, java.version: &amp;apos;1.8.0_65&amp;apos;
Driver info: org.openqa.selenium.ie.InternetExplorerDriver
Capabilities [{browserAttachTimeout=0, enablePersistentHover=true, ie.forceCreateProcessApi=false, ie.usePerProcessProxy=false, ignoreZoomSetting=false, handlesAlerts=true, version=10, platform=WINDOWS, nativeEvents=true, ie.ensureCleanSession=false, elementScrollBehavior=0, ie.browserCommandLineSwitches=, requireWindowFocus=false, browserName=internet explorer, initialBrowserUrl=http://localhost:8756/, takesScreenshot=true, javascriptEnabled=true, ignoreProtectedModeSettings=true, enableElementCacheCleanup=true, cssSelectorsEnabled=true, unexpectedAlertBehaviour=dismiss}]
Session ID: 8d80c50b-72b4-4b99-bf66-da3a53e77c4c">
      <![CDATA[org.openqa.selenium.NoSuchWindowException: Unable to get browser (WARNING: The server did not provide any stacktrace information)
Command duration or timeout: 16 milliseconds
Build info: version: 'unknown', revision: 'unknown', time: 'unknown'
System info: host: 'EUCQAW011', ip: '10.88.152.111', os.name: 'Windows 7', os.arch: 'amd64', os.version: '6.1', java.version: '1.8.0_65'
Driver info: org.openqa.selenium.ie.InternetExplorerDriver
Capabilities [{browserAttachTimeout=0, enablePersistentHover=true, ie.forceCreateProcessApi=false, ie.usePerProcessProxy=false, ignoreZoomSetting=false, handlesAlerts=true, version=10, platform=WINDOWS, nativeEvents=true, ie.ensureCleanSession=false, elementScrollBehavior=0, ie.browserCommandLineSwitches=, requireWindowFocus=false, browserName=internet explorer, initialBrowserUrl=http://localhost:8756/, takesScreenshot=true, javascriptEnabled=true, ignoreProtectedModeSettings=true, enableElementCacheCleanup=true, cssSelectorsEnabled=true, unexpectedAlertBehaviour=dismiss}]
Session ID: 8d80c50b-72b4-4b99-bf66-da3a53e77c4c
	at org.openqa.selenium.remote.ErrorHandler.createThrowable(ErrorHandler.java:206)
	at org.openqa.selenium.remote.ErrorHandler.throwIfResponseFailed(ErrorHandler.java:158)
	at org.openqa.selenium.remote.RemoteWebDriver.execute(RemoteWebDriver.java:678)
	at org.openqa.selenium.remote.RemoteWebDriver.execute(RemoteWebDriver.java:701)
	at org.openqa.selenium.remote.RemoteWebDriver.close(RemoteWebDriver.java:521)
	at org.openqa.selenium.support.events.EventFiringWebDriver$2.invoke(EventFiringWebDriver.java:103)
	at com.sun.proxy.$Proxy12.close(Unknown Source)
	at org.openqa.selenium.support.events.EventFiringWebDriver.close(EventFiringWebDriver.java:198)
	at com.cigniti.accelerators.TestEngine.close(TestEngine.java:356)
... Removed 31 stack frames]]>
    </failure>
  </testcase> <!-- @AfterClass close -->
  <testcase name="RAPidLinkHeaderPreference" time="1299.74" classname="com.ugc.scripts.RAPidLinkHeaderPreferences"/>
  <testcase name="RapidLink_Header_UGCORPCOM_Navigation" time="0.0" classname="com.ugc.scripts.RapidLinkHeaderUGCORPCOM_Navigation">
    <skipped/>
  </testcase> <!-- RapidLink_Header_UGCORPCOM_Navigation -->
</testsuite> <!-- MIGuide-3 -->
