<?xml version="1.0" encoding="UTF-8"?>
<!-- Generated by org.testng.reporters.JUnitXMLReporter -->
<testsuite hostname="HW0675" name="Login Registration On Firefox"
	tests="2" failures="0" timestamp="21 Oct 2014 11:42:23 GMT" time="201.545"
	errors="0">
	<testcase name="Verify_Member_Coverage" time="69.326"
		classname="com.demo.scripts.Verify_Member_Coverage" />
	<testcase name="Verify_Dependent_Coverage" time="49.69"
		classname="com.demo.scripts.Verify_Dependent_Coverage" />
</testsuite> <!-- Login Registration On Firefox -->
